c:\users\gemma\downloads\tje2d-master_nou\tjed2_v10\tje2d-master\visual\visual\debug\vc141.pdb
c:\users\gemma\downloads\tje2d-master_nou\tjed2_v10\tje2d-master\visual\visual\debug\vc141.idb
c:\users\gemma\downloads\tje2d-master_nou\tjed2_v10\tje2d-master\visual\visual\debug\world.obj
c:\users\gemma\downloads\tje2d-master_nou\tjed2_v10\tje2d-master\visual\visual\debug\synth.obj
c:\users\gemma\downloads\tje2d-master_nou\tjed2_v10\tje2d-master\visual\visual\debug\input.obj
c:\users\gemma\downloads\tje2d-master_nou\tjed2_v10\tje2d-master\visual\visual\debug\image.obj
c:\users\gemma\downloads\tje2d-master_nou\tjed2_v10\tje2d-master\visual\visual\debug\gamemap.obj
c:\users\gemma\downloads\tje2d-master_nou\tjed2_v10\tje2d-master\visual\visual\debug\framework.obj
c:\users\gemma\downloads\tje2d-master_nou\tjed2_v10\tje2d-master\visual\visual\debug\utils.obj
c:\users\gemma\downloads\tje2d-master_nou\tjed2_v10\tje2d-master\visual\visual\debug\tutorialstage.obj
c:\users\gemma\downloads\tje2d-master_nou\tjed2_v10\tje2d-master\visual\visual\debug\playstage.obj
c:\users\gemma\downloads\tje2d-master_nou\tjed2_v10\tje2d-master\visual\visual\debug\main.obj
c:\users\gemma\downloads\tje2d-master_nou\tjed2_v10\tje2d-master\visual\visual\debug\game.obj
c:\users\gemma\downloads\tje2d-master_nou\tjed2_v10\tje2d-master\game.exe
c:\users\gemma\downloads\tje2d-master_nou\tjed2_v10\tje2d-master\game.pdb
c:\users\gemma\downloads\tje2d-master_nou\tjed2_v10\tje2d-master\visual\visual\..\..\game.exe
c:\users\gemma\downloads\tje2d-master_nou\tjed2_v10\tje2d-master\visual\visual\debug\game.tlog\cl.command.1.tlog
c:\users\gemma\downloads\tje2d-master_nou\tjed2_v10\tje2d-master\visual\visual\debug\game.tlog\cl.read.1.tlog
c:\users\gemma\downloads\tje2d-master_nou\tjed2_v10\tje2d-master\visual\visual\debug\game.tlog\cl.write.1.tlog
c:\users\gemma\downloads\tje2d-master_nou\tjed2_v10\tje2d-master\visual\visual\debug\game.tlog\link.command.1.tlog
c:\users\gemma\downloads\tje2d-master_nou\tjed2_v10\tje2d-master\visual\visual\debug\game.tlog\link.read.1.tlog
c:\users\gemma\downloads\tje2d-master_nou\tjed2_v10\tje2d-master\visual\visual\debug\game.tlog\link.write.1.tlog
